2020-08-04 08:28:29.110 [restartedMain] WARN  org.mybatis.spring.mapper.ClassPathMapperScanner - Skipping MapperFactoryBean with name 'articleMapper' and 'com.whyzaa.vspringblog.mapper.ArticleMapper' mapperInterface. Bean already defined with the same name!
2020-08-04 08:28:29.111 [restartedMain] WARN  org.mybatis.spring.mapper.ClassPathMapperScanner - Skipping MapperFactoryBean with name 'articleTagsMapper' and 'com.whyzaa.vspringblog.mapper.ArticleTagsMapper' mapperInterface. Bean already defined with the same name!
2020-08-04 08:28:29.111 [restartedMain] WARN  org.mybatis.spring.mapper.ClassPathMapperScanner - Skipping MapperFactoryBean with name 'articleVoMapper' and 'com.whyzaa.vspringblog.mapper.ArticleVoMapper' mapperInterface. Bean already defined with the same name!
2020-08-04 08:28:29.117 [restartedMain] WARN  org.mybatis.spring.mapper.ClassPathMapperScanner - Skipping MapperFactoryBean with name 'carouselMapper' and 'com.whyzaa.vspringblog.mapper.CarouselMapper' mapperInterface. Bean already defined with the same name!
2020-08-04 08:28:29.117 [restartedMain] WARN  org.mybatis.spring.mapper.ClassPathMapperScanner - Skipping MapperFactoryBean with name 'categoryMapper' and 'com.whyzaa.vspringblog.mapper.CategoryMapper' mapperInterface. Bean already defined with the same name!
2020-08-04 08:28:29.117 [restartedMain] WARN  org.mybatis.spring.mapper.ClassPathMapperScanner - Skipping MapperFactoryBean with name 'commentsMapper' and 'com.whyzaa.vspringblog.mapper.CommentsMapper' mapperInterface. Bean already defined with the same name!
2020-08-04 08:28:29.117 [restartedMain] WARN  org.mybatis.spring.mapper.ClassPathMapperScanner - Skipping MapperFactoryBean with name 'sysPermissionMapper' and 'com.whyzaa.vspringblog.mapper.SysPermissionMapper' mapperInterface. Bean already defined with the same name!
2020-08-04 08:28:29.117 [restartedMain] WARN  org.mybatis.spring.mapper.ClassPathMapperScanner - Skipping MapperFactoryBean with name 'sysUserMapper' and 'com.whyzaa.vspringblog.mapper.SysUserMapper' mapperInterface. Bean already defined with the same name!
2020-08-04 08:28:29.118 [restartedMain] WARN  org.mybatis.spring.mapper.ClassPathMapperScanner - Skipping MapperFactoryBean with name 'sysUserRoleMapper' and 'com.whyzaa.vspringblog.mapper.SysUserRoleMapper' mapperInterface. Bean already defined with the same name!
2020-08-04 08:28:29.118 [restartedMain] WARN  org.mybatis.spring.mapper.ClassPathMapperScanner - Skipping MapperFactoryBean with name 'tagsMapper' and 'com.whyzaa.vspringblog.mapper.TagsMapper' mapperInterface. Bean already defined with the same name!
2020-08-04 08:28:29.118 [restartedMain] WARN  org.mybatis.spring.mapper.ClassPathMapperScanner - No MyBatis mapper was found in '[com.whyzaa.vspringblog.mapper]' package. Please check your configuration.
2020-08-04 08:36:14.145 [restartedMain] WARN  org.mybatis.spring.mapper.ClassPathMapperScanner - Skipping MapperFactoryBean with name 'articleMapper' and 'com.whyzaa.vspringblog.mapper.ArticleMapper' mapperInterface. Bean already defined with the same name!
2020-08-04 08:36:14.145 [restartedMain] WARN  org.mybatis.spring.mapper.ClassPathMapperScanner - Skipping MapperFactoryBean with name 'articleTagsMapper' and 'com.whyzaa.vspringblog.mapper.ArticleTagsMapper' mapperInterface. Bean already defined with the same name!
2020-08-04 08:36:14.145 [restartedMain] WARN  org.mybatis.spring.mapper.ClassPathMapperScanner - Skipping MapperFactoryBean with name 'articleVoMapper' and 'com.whyzaa.vspringblog.mapper.ArticleVoMapper' mapperInterface. Bean already defined with the same name!
2020-08-04 08:36:14.145 [restartedMain] WARN  org.mybatis.spring.mapper.ClassPathMapperScanner - Skipping MapperFactoryBean with name 'carouselMapper' and 'com.whyzaa.vspringblog.mapper.CarouselMapper' mapperInterface. Bean already defined with the same name!
2020-08-04 08:36:14.145 [restartedMain] WARN  org.mybatis.spring.mapper.ClassPathMapperScanner - Skipping MapperFactoryBean with name 'categoryMapper' and 'com.whyzaa.vspringblog.mapper.CategoryMapper' mapperInterface. Bean already defined with the same name!
2020-08-04 08:36:14.145 [restartedMain] WARN  org.mybatis.spring.mapper.ClassPathMapperScanner - Skipping MapperFactoryBean with name 'commentsMapper' and 'com.whyzaa.vspringblog.mapper.CommentsMapper' mapperInterface. Bean already defined with the same name!
2020-08-04 08:36:14.145 [restartedMain] WARN  org.mybatis.spring.mapper.ClassPathMapperScanner - Skipping MapperFactoryBean with name 'sysPermissionMapper' and 'com.whyzaa.vspringblog.mapper.SysPermissionMapper' mapperInterface. Bean already defined with the same name!
2020-08-04 08:36:14.145 [restartedMain] WARN  org.mybatis.spring.mapper.ClassPathMapperScanner - Skipping MapperFactoryBean with name 'sysUserMapper' and 'com.whyzaa.vspringblog.mapper.SysUserMapper' mapperInterface. Bean already defined with the same name!
2020-08-04 08:36:14.145 [restartedMain] WARN  org.mybatis.spring.mapper.ClassPathMapperScanner - Skipping MapperFactoryBean with name 'sysUserRoleMapper' and 'com.whyzaa.vspringblog.mapper.SysUserRoleMapper' mapperInterface. Bean already defined with the same name!
2020-08-04 08:36:14.145 [restartedMain] WARN  org.mybatis.spring.mapper.ClassPathMapperScanner - Skipping MapperFactoryBean with name 'tagsMapper' and 'com.whyzaa.vspringblog.mapper.TagsMapper' mapperInterface. Bean already defined with the same name!
2020-08-04 08:36:14.146 [restartedMain] WARN  org.mybatis.spring.mapper.ClassPathMapperScanner - No MyBatis mapper was found in '[com.whyzaa.vspringblog.mapper]' package. Please check your configuration.
