2020-08-04 17:46:13.495 [ restartedMain ] - [ INFO  ] [ com.whyzaa.vspringblog.vSpringBlogApplication : 55 ] - Starting vSpringBlogApplication on LAPTOP-CKUB6RF7 with PID 138848 (C:\Users\luis_liu\IdeaProjects\VSpringBlog\target\classes started by luis_liu in C:\Users\luis_liu\Desktop\blog\blog\VSpringBlog)
2020-08-04 17:46:13.498 [ restartedMain ] - [ DEBUG ] [ com.whyzaa.vspringblog.vSpringBlogApplication : 56 ] - Running with Spring Boot v2.3.1.RELEASE, Spring v5.2.7.RELEASE
2020-08-04 17:46:13.499 [ restartedMain ] - [ INFO  ] [ com.whyzaa.vspringblog.vSpringBlogApplication : 651 ] - No active profile set, falling back to default profiles: default
2020-08-04 17:46:14.213 [ restartedMain ] - [ WARN  ] [ org.mybatis.spring.mapper.ClassPathMapperScanner : 44 ] - Skipping MapperFactoryBean with name 'articleMapper' and 'com.whyzaa.vspringblog.mapper.ArticleMapper' mapperInterface. Bean already defined with the same name!
2020-08-04 17:46:14.213 [ restartedMain ] - [ WARN  ] [ org.mybatis.spring.mapper.ClassPathMapperScanner : 44 ] - Skipping MapperFactoryBean with name 'articleTagsMapper' and 'com.whyzaa.vspringblog.mapper.ArticleTagsMapper' mapperInterface. Bean already defined with the same name!
2020-08-04 17:46:14.213 [ restartedMain ] - [ WARN  ] [ org.mybatis.spring.mapper.ClassPathMapperScanner : 44 ] - Skipping MapperFactoryBean with name 'articleVoMapper' and 'com.whyzaa.vspringblog.mapper.ArticleVoMapper' mapperInterface. Bean already defined with the same name!
2020-08-04 17:46:14.214 [ restartedMain ] - [ WARN  ] [ org.mybatis.spring.mapper.ClassPathMapperScanner : 44 ] - Skipping MapperFactoryBean with name 'carouselMapper' and 'com.whyzaa.vspringblog.mapper.CarouselMapper' mapperInterface. Bean already defined with the same name!
2020-08-04 17:46:14.214 [ restartedMain ] - [ WARN  ] [ org.mybatis.spring.mapper.ClassPathMapperScanner : 44 ] - Skipping MapperFactoryBean with name 'categoryMapper' and 'com.whyzaa.vspringblog.mapper.CategoryMapper' mapperInterface. Bean already defined with the same name!
2020-08-04 17:46:14.214 [ restartedMain ] - [ WARN  ] [ org.mybatis.spring.mapper.ClassPathMapperScanner : 44 ] - Skipping MapperFactoryBean with name 'commentsMapper' and 'com.whyzaa.vspringblog.mapper.CommentsMapper' mapperInterface. Bean already defined with the same name!
2020-08-04 17:46:14.214 [ restartedMain ] - [ WARN  ] [ org.mybatis.spring.mapper.ClassPathMapperScanner : 44 ] - Skipping MapperFactoryBean with name 'sysPermissionMapper' and 'com.whyzaa.vspringblog.mapper.SysPermissionMapper' mapperInterface. Bean already defined with the same name!
2020-08-04 17:46:14.214 [ restartedMain ] - [ WARN  ] [ org.mybatis.spring.mapper.ClassPathMapperScanner : 44 ] - Skipping MapperFactoryBean with name 'sysUserMapper' and 'com.whyzaa.vspringblog.mapper.SysUserMapper' mapperInterface. Bean already defined with the same name!
2020-08-04 17:46:14.214 [ restartedMain ] - [ WARN  ] [ org.mybatis.spring.mapper.ClassPathMapperScanner : 44 ] - Skipping MapperFactoryBean with name 'sysUserRoleMapper' and 'com.whyzaa.vspringblog.mapper.SysUserRoleMapper' mapperInterface. Bean already defined with the same name!
2020-08-04 17:46:14.214 [ restartedMain ] - [ WARN  ] [ org.mybatis.spring.mapper.ClassPathMapperScanner : 44 ] - Skipping MapperFactoryBean with name 'tagsMapper' and 'com.whyzaa.vspringblog.mapper.TagsMapper' mapperInterface. Bean already defined with the same name!
2020-08-04 17:46:14.215 [ restartedMain ] - [ WARN  ] [ org.mybatis.spring.mapper.ClassPathMapperScanner : 44 ] - No MyBatis mapper was found in '[com.whyzaa.vspringblog.mapper]' package. Please check your configuration.
2020-08-04 17:46:15.014 [ restartedMain ] - [ INFO  ] [ c.a.d.s.b.a.DruidDataSourceAutoConfigure : 56 ] - Init DruidDataSource
2020-08-04 17:46:15.360 [ restartedMain ] - [ INFO  ] [ com.alibaba.druid.pool.DruidDataSource : 930 ] - {dataSource-1} inited
2020-08-04 17:46:16.913 [ restartedMain ] - [ INFO  ] [ org.apache.coyote.http11.Http11NioProtocol : 173 ] - Initializing ProtocolHandler ["http-nio-8081"]
2020-08-04 17:46:16.914 [ restartedMain ] - [ INFO  ] [ org.apache.catalina.core.StandardService : 173 ] - Starting service [Tomcat]
2020-08-04 17:46:16.914 [ restartedMain ] - [ INFO  ] [ org.apache.catalina.core.StandardEngine : 173 ] - Starting Servlet engine: [Apache Tomcat/9.0.36]
2020-08-04 17:46:17.012 [ restartedMain ] - [ INFO  ] [ o.a.c.core.ContainerBase.[Tomcat].[localhost].[/] : 173 ] - Initializing Spring embedded WebApplicationContext
2020-08-04 17:46:18.584 [ restartedMain ] - [ INFO  ] [ org.apache.coyote.http11.Http11NioProtocol : 173 ] - Starting ProtocolHandler ["http-nio-8081"]
2020-08-04 17:46:18.633 [ restartedMain ] - [ INFO  ] [ com.whyzaa.vspringblog.vSpringBlogApplication : 61 ] - Started vSpringBlogApplication in 5.575 seconds (JVM running for 6.469)
2020-08-04 17:47:14.729 [ http-nio-8081-exec-1 ] - [ INFO  ] [ o.a.c.core.ContainerBase.[Tomcat].[localhost].[/] : 173 ] - Initializing Spring DispatcherServlet 'dispatcherServlet'
2020-08-04 17:52:46.828 [ SpringContextShutdownHook ] - [ INFO  ] [ com.alibaba.druid.pool.DruidDataSource : 1825 ] - {dataSource-1} closed
2020-08-04 17:52:55.031 [ restartedMain ] - [ INFO  ] [ com.whyzaa.vspringblog.vSpringBlogApplication : 55 ] - Starting vSpringBlogApplication on LAPTOP-CKUB6RF7 with PID 136700 (C:\Users\luis_liu\IdeaProjects\VSpringBlog\target\classes started by luis_liu in C:\Users\luis_liu\Desktop\blog\blog\VSpringBlog)
2020-08-04 17:52:55.034 [ restartedMain ] - [ DEBUG ] [ com.whyzaa.vspringblog.vSpringBlogApplication : 56 ] - Running with Spring Boot v2.3.1.RELEASE, Spring v5.2.7.RELEASE
2020-08-04 17:52:55.035 [ restartedMain ] - [ INFO  ] [ com.whyzaa.vspringblog.vSpringBlogApplication : 651 ] - No active profile set, falling back to default profiles: default
2020-08-04 17:52:55.703 [ restartedMain ] - [ WARN  ] [ org.mybatis.spring.mapper.ClassPathMapperScanner : 44 ] - Skipping MapperFactoryBean with name 'articleMapper' and 'com.whyzaa.vspringblog.mapper.ArticleMapper' mapperInterface. Bean already defined with the same name!
2020-08-04 17:52:55.703 [ restartedMain ] - [ WARN  ] [ org.mybatis.spring.mapper.ClassPathMapperScanner : 44 ] - Skipping MapperFactoryBean with name 'articleTagsMapper' and 'com.whyzaa.vspringblog.mapper.ArticleTagsMapper' mapperInterface. Bean already defined with the same name!
2020-08-04 17:52:55.703 [ restartedMain ] - [ WARN  ] [ org.mybatis.spring.mapper.ClassPathMapperScanner : 44 ] - Skipping MapperFactoryBean with name 'articleVoMapper' and 'com.whyzaa.vspringblog.mapper.ArticleVoMapper' mapperInterface. Bean already defined with the same name!
2020-08-04 17:52:55.703 [ restartedMain ] - [ WARN  ] [ org.mybatis.spring.mapper.ClassPathMapperScanner : 44 ] - Skipping MapperFactoryBean with name 'carouselMapper' and 'com.whyzaa.vspringblog.mapper.CarouselMapper' mapperInterface. Bean already defined with the same name!
2020-08-04 17:52:55.703 [ restartedMain ] - [ WARN  ] [ org.mybatis.spring.mapper.ClassPathMapperScanner : 44 ] - Skipping MapperFactoryBean with name 'categoryMapper' and 'com.whyzaa.vspringblog.mapper.CategoryMapper' mapperInterface. Bean already defined with the same name!
2020-08-04 17:52:55.703 [ restartedMain ] - [ WARN  ] [ org.mybatis.spring.mapper.ClassPathMapperScanner : 44 ] - Skipping MapperFactoryBean with name 'commentsMapper' and 'com.whyzaa.vspringblog.mapper.CommentsMapper' mapperInterface. Bean already defined with the same name!
2020-08-04 17:52:55.703 [ restartedMain ] - [ WARN  ] [ org.mybatis.spring.mapper.ClassPathMapperScanner : 44 ] - Skipping MapperFactoryBean with name 'sysPermissionMapper' and 'com.whyzaa.vspringblog.mapper.SysPermissionMapper' mapperInterface. Bean already defined with the same name!
2020-08-04 17:52:55.703 [ restartedMain ] - [ WARN  ] [ org.mybatis.spring.mapper.ClassPathMapperScanner : 44 ] - Skipping MapperFactoryBean with name 'sysUserMapper' and 'com.whyzaa.vspringblog.mapper.SysUserMapper' mapperInterface. Bean already defined with the same name!
2020-08-04 17:52:55.703 [ restartedMain ] - [ WARN  ] [ org.mybatis.spring.mapper.ClassPathMapperScanner : 44 ] - Skipping MapperFactoryBean with name 'sysUserRoleMapper' and 'com.whyzaa.vspringblog.mapper.SysUserRoleMapper' mapperInterface. Bean already defined with the same name!
2020-08-04 17:52:55.704 [ restartedMain ] - [ WARN  ] [ org.mybatis.spring.mapper.ClassPathMapperScanner : 44 ] - Skipping MapperFactoryBean with name 'tagsMapper' and 'com.whyzaa.vspringblog.mapper.TagsMapper' mapperInterface. Bean already defined with the same name!
2020-08-04 17:52:55.704 [ restartedMain ] - [ WARN  ] [ org.mybatis.spring.mapper.ClassPathMapperScanner : 44 ] - No MyBatis mapper was found in '[com.whyzaa.vspringblog.mapper]' package. Please check your configuration.
2020-08-04 17:52:56.342 [ restartedMain ] - [ INFO  ] [ c.a.d.s.b.a.DruidDataSourceAutoConfigure : 56 ] - Init DruidDataSource
2020-08-04 17:52:56.674 [ restartedMain ] - [ INFO  ] [ com.alibaba.druid.pool.DruidDataSource : 930 ] - {dataSource-1} inited
2020-08-04 17:52:58.132 [ restartedMain ] - [ INFO  ] [ org.apache.coyote.http11.Http11NioProtocol : 173 ] - Initializing ProtocolHandler ["http-nio-8081"]
2020-08-04 17:52:58.133 [ restartedMain ] - [ INFO  ] [ org.apache.catalina.core.StandardService : 173 ] - Starting service [Tomcat]
2020-08-04 17:52:58.133 [ restartedMain ] - [ INFO  ] [ org.apache.catalina.core.StandardEngine : 173 ] - Starting Servlet engine: [Apache Tomcat/9.0.36]
2020-08-04 17:52:58.228 [ restartedMain ] - [ INFO  ] [ o.a.c.core.ContainerBase.[Tomcat].[localhost].[/] : 173 ] - Initializing Spring embedded WebApplicationContext
2020-08-04 17:52:59.553 [ restartedMain ] - [ INFO  ] [ org.apache.coyote.http11.Http11NioProtocol : 173 ] - Starting ProtocolHandler ["http-nio-8081"]
2020-08-04 17:52:59.590 [ restartedMain ] - [ INFO  ] [ com.whyzaa.vspringblog.vSpringBlogApplication : 61 ] - Started vSpringBlogApplication in 5.03 seconds (JVM running for 5.956)
2020-08-04 17:53:18.237 [ http-nio-8081-exec-1 ] - [ INFO  ] [ o.a.c.core.ContainerBase.[Tomcat].[localhost].[/] : 173 ] - Initializing Spring DispatcherServlet 'dispatcherServlet'
2020-08-04 17:53:25.204 [ http-nio-8081-exec-6 ] - [ INFO  ] [ com.whyzaa.vspringblog.shiro.ShiroRealm : 52 ] - ————权限认证 [ roles、permissions]————
2020-08-04 17:53:25.213 [ http-nio-8081-exec-6 ] - [ INFO  ] [ c.w.vspringblog.service.impl.SysUserServiceImpl : 54 ] - -------通过数据库读取用户拥有的角色Rules------username： admin,Roles size: 1
2020-08-04 17:53:25.223 [ http-nio-8081-exec-6 ] - [ INFO  ] [ c.w.vspringblog.service.impl.SysUserServiceImpl : 85 ] - -------通过数据库读取用户拥有的权限Perms------username： admin,Perms size: 5
2020-08-04 17:53:25.226 [ http-nio-8081-exec-6 ] - [ INFO  ] [ com.whyzaa.vspringblog.shiro.ShiroRealm : 52 ] - ————权限认证 [ roles、permissions]————
2020-08-04 17:53:25.228 [ http-nio-8081-exec-6 ] - [ INFO  ] [ c.w.vspringblog.service.impl.SysUserServiceImpl : 54 ] - -------通过数据库读取用户拥有的角色Rules------username： admin,Roles size: 1
2020-08-04 17:53:25.232 [ http-nio-8081-exec-6 ] - [ INFO  ] [ c.w.vspringblog.service.impl.SysUserServiceImpl : 85 ] - -------通过数据库读取用户拥有的权限Perms------username： admin,Perms size: 5
2020-08-04 18:03:29.990 [ SpringContextShutdownHook ] - [ INFO  ] [ com.alibaba.druid.pool.DruidDataSource : 1825 ] - {dataSource-1} closed
