2020-08-04 08:39:24.147 [ restartedMain ] - [ INFO  ] [ com.whyzaa.vspringblog.vSpringBlogApplication : 55 ] - Starting vSpringBlogApplication on LAPTOP-CKUB6RF7 with PID 21852 (C:\Users\luis_liu\IdeaProjects\VSpringBlog\target\classes started by luis_liu in C:\Users\luis_liu\Desktop\blog\blog\VSpringBlog)
2020-08-04 08:39:24.151 [ restartedMain ] - [ INFO  ] [ com.whyzaa.vspringblog.vSpringBlogApplication : 651 ] - No active profile set, falling back to default profiles: default
2020-08-04 08:39:24.743 [ restartedMain ] - [ WARN  ] [ org.mybatis.spring.mapper.ClassPathMapperScanner : 44 ] - Skipping MapperFactoryBean with name 'articleMapper' and 'com.whyzaa.vspringblog.mapper.ArticleMapper' mapperInterface. Bean already defined with the same name!
2020-08-04 08:39:24.750 [ restartedMain ] - [ WARN  ] [ org.mybatis.spring.mapper.ClassPathMapperScanner : 44 ] - Skipping MapperFactoryBean with name 'articleTagsMapper' and 'com.whyzaa.vspringblog.mapper.ArticleTagsMapper' mapperInterface. Bean already defined with the same name!
2020-08-04 08:39:24.750 [ restartedMain ] - [ WARN  ] [ org.mybatis.spring.mapper.ClassPathMapperScanner : 44 ] - Skipping MapperFactoryBean with name 'articleVoMapper' and 'com.whyzaa.vspringblog.mapper.ArticleVoMapper' mapperInterface. Bean already defined with the same name!
2020-08-04 08:39:24.750 [ restartedMain ] - [ WARN  ] [ org.mybatis.spring.mapper.ClassPathMapperScanner : 44 ] - Skipping MapperFactoryBean with name 'carouselMapper' and 'com.whyzaa.vspringblog.mapper.CarouselMapper' mapperInterface. Bean already defined with the same name!
2020-08-04 08:39:24.750 [ restartedMain ] - [ WARN  ] [ org.mybatis.spring.mapper.ClassPathMapperScanner : 44 ] - Skipping MapperFactoryBean with name 'categoryMapper' and 'com.whyzaa.vspringblog.mapper.CategoryMapper' mapperInterface. Bean already defined with the same name!
2020-08-04 08:39:24.750 [ restartedMain ] - [ WARN  ] [ org.mybatis.spring.mapper.ClassPathMapperScanner : 44 ] - Skipping MapperFactoryBean with name 'commentsMapper' and 'com.whyzaa.vspringblog.mapper.CommentsMapper' mapperInterface. Bean already defined with the same name!
2020-08-04 08:39:24.750 [ restartedMain ] - [ WARN  ] [ org.mybatis.spring.mapper.ClassPathMapperScanner : 44 ] - Skipping MapperFactoryBean with name 'sysPermissionMapper' and 'com.whyzaa.vspringblog.mapper.SysPermissionMapper' mapperInterface. Bean already defined with the same name!
2020-08-04 08:39:24.750 [ restartedMain ] - [ WARN  ] [ org.mybatis.spring.mapper.ClassPathMapperScanner : 44 ] - Skipping MapperFactoryBean with name 'sysUserMapper' and 'com.whyzaa.vspringblog.mapper.SysUserMapper' mapperInterface. Bean already defined with the same name!
2020-08-04 08:39:24.750 [ restartedMain ] - [ WARN  ] [ org.mybatis.spring.mapper.ClassPathMapperScanner : 44 ] - Skipping MapperFactoryBean with name 'sysUserRoleMapper' and 'com.whyzaa.vspringblog.mapper.SysUserRoleMapper' mapperInterface. Bean already defined with the same name!
2020-08-04 08:39:24.750 [ restartedMain ] - [ WARN  ] [ org.mybatis.spring.mapper.ClassPathMapperScanner : 44 ] - Skipping MapperFactoryBean with name 'tagsMapper' and 'com.whyzaa.vspringblog.mapper.TagsMapper' mapperInterface. Bean already defined with the same name!
2020-08-04 08:39:24.751 [ restartedMain ] - [ WARN  ] [ org.mybatis.spring.mapper.ClassPathMapperScanner : 44 ] - No MyBatis mapper was found in '[com.whyzaa.vspringblog.mapper]' package. Please check your configuration.
2020-08-04 08:39:25.401 [ restartedMain ] - [ INFO  ] [ c.a.d.s.b.a.DruidDataSourceAutoConfigure : 56 ] - Init DruidDataSource
2020-08-04 08:39:25.646 [ restartedMain ] - [ INFO  ] [ com.alibaba.druid.pool.DruidDataSource : 930 ] - {dataSource-1} inited
2020-08-04 08:39:26.926 [ restartedMain ] - [ INFO  ] [ org.apache.coyote.http11.Http11NioProtocol : 173 ] - Initializing ProtocolHandler ["http-nio-8081"]
2020-08-04 08:39:26.927 [ restartedMain ] - [ INFO  ] [ org.apache.catalina.core.StandardService : 173 ] - Starting service [Tomcat]
2020-08-04 08:39:26.927 [ restartedMain ] - [ INFO  ] [ org.apache.catalina.core.StandardEngine : 173 ] - Starting Servlet engine: [Apache Tomcat/9.0.36]
2020-08-04 08:39:27.007 [ restartedMain ] - [ INFO  ] [ o.a.c.core.ContainerBase.[Tomcat].[localhost].[/] : 173 ] - Initializing Spring embedded WebApplicationContext
2020-08-04 08:39:28.420 [ restartedMain ] - [ INFO  ] [ org.apache.coyote.http11.Http11NioProtocol : 173 ] - Starting ProtocolHandler ["http-nio-8081"]
2020-08-04 08:39:28.462 [ restartedMain ] - [ INFO  ] [ com.whyzaa.vspringblog.vSpringBlogApplication : 61 ] - Started vSpringBlogApplication in 4.734 seconds (JVM running for 5.437)
2020-08-04 08:39:59.572 [ restartedMain ] - [ INFO  ] [ com.whyzaa.vspringblog.vSpringBlogApplication : 55 ] - Starting vSpringBlogApplication on LAPTOP-CKUB6RF7 with PID 100600 (C:\Users\luis_liu\IdeaProjects\VSpringBlog\target\classes started by luis_liu in C:\Users\luis_liu\Desktop\blog\blog\VSpringBlog)
2020-08-04 08:39:59.575 [ restartedMain ] - [ DEBUG ] [ com.whyzaa.vspringblog.vSpringBlogApplication : 56 ] - Running with Spring Boot v2.3.1.RELEASE, Spring v5.2.7.RELEASE
2020-08-04 08:39:59.575 [ restartedMain ] - [ INFO  ] [ com.whyzaa.vspringblog.vSpringBlogApplication : 651 ] - No active profile set, falling back to default profiles: default
2020-08-04 08:40:00.120 [ restartedMain ] - [ WARN  ] [ org.mybatis.spring.mapper.ClassPathMapperScanner : 44 ] - Skipping MapperFactoryBean with name 'articleMapper' and 'com.whyzaa.vspringblog.mapper.ArticleMapper' mapperInterface. Bean already defined with the same name!
2020-08-04 08:40:00.121 [ restartedMain ] - [ WARN  ] [ org.mybatis.spring.mapper.ClassPathMapperScanner : 44 ] - Skipping MapperFactoryBean with name 'articleTagsMapper' and 'com.whyzaa.vspringblog.mapper.ArticleTagsMapper' mapperInterface. Bean already defined with the same name!
2020-08-04 08:40:00.121 [ restartedMain ] - [ WARN  ] [ org.mybatis.spring.mapper.ClassPathMapperScanner : 44 ] - Skipping MapperFactoryBean with name 'articleVoMapper' and 'com.whyzaa.vspringblog.mapper.ArticleVoMapper' mapperInterface. Bean already defined with the same name!
2020-08-04 08:40:00.121 [ restartedMain ] - [ WARN  ] [ org.mybatis.spring.mapper.ClassPathMapperScanner : 44 ] - Skipping MapperFactoryBean with name 'carouselMapper' and 'com.whyzaa.vspringblog.mapper.CarouselMapper' mapperInterface. Bean already defined with the same name!
2020-08-04 08:40:00.121 [ restartedMain ] - [ WARN  ] [ org.mybatis.spring.mapper.ClassPathMapperScanner : 44 ] - Skipping MapperFactoryBean with name 'categoryMapper' and 'com.whyzaa.vspringblog.mapper.CategoryMapper' mapperInterface. Bean already defined with the same name!
2020-08-04 08:40:00.122 [ restartedMain ] - [ WARN  ] [ org.mybatis.spring.mapper.ClassPathMapperScanner : 44 ] - Skipping MapperFactoryBean with name 'commentsMapper' and 'com.whyzaa.vspringblog.mapper.CommentsMapper' mapperInterface. Bean already defined with the same name!
2020-08-04 08:40:00.122 [ restartedMain ] - [ WARN  ] [ org.mybatis.spring.mapper.ClassPathMapperScanner : 44 ] - Skipping MapperFactoryBean with name 'sysPermissionMapper' and 'com.whyzaa.vspringblog.mapper.SysPermissionMapper' mapperInterface. Bean already defined with the same name!
2020-08-04 08:40:00.122 [ restartedMain ] - [ WARN  ] [ org.mybatis.spring.mapper.ClassPathMapperScanner : 44 ] - Skipping MapperFactoryBean with name 'sysUserMapper' and 'com.whyzaa.vspringblog.mapper.SysUserMapper' mapperInterface. Bean already defined with the same name!
2020-08-04 08:40:00.123 [ restartedMain ] - [ WARN  ] [ org.mybatis.spring.mapper.ClassPathMapperScanner : 44 ] - Skipping MapperFactoryBean with name 'sysUserRoleMapper' and 'com.whyzaa.vspringblog.mapper.SysUserRoleMapper' mapperInterface. Bean already defined with the same name!
2020-08-04 08:40:00.123 [ restartedMain ] - [ WARN  ] [ org.mybatis.spring.mapper.ClassPathMapperScanner : 44 ] - Skipping MapperFactoryBean with name 'tagsMapper' and 'com.whyzaa.vspringblog.mapper.TagsMapper' mapperInterface. Bean already defined with the same name!
2020-08-04 08:40:00.124 [ restartedMain ] - [ WARN  ] [ org.mybatis.spring.mapper.ClassPathMapperScanner : 44 ] - No MyBatis mapper was found in '[com.whyzaa.vspringblog.mapper]' package. Please check your configuration.
2020-08-04 08:40:00.773 [ restartedMain ] - [ INFO  ] [ c.a.d.s.b.a.DruidDataSourceAutoConfigure : 56 ] - Init DruidDataSource
2020-08-04 08:40:01.012 [ restartedMain ] - [ INFO  ] [ com.alibaba.druid.pool.DruidDataSource : 930 ] - {dataSource-1} inited
2020-08-04 08:40:02.272 [ restartedMain ] - [ INFO  ] [ org.apache.coyote.http11.Http11NioProtocol : 173 ] - Initializing ProtocolHandler ["http-nio-8081"]
2020-08-04 08:40:02.273 [ restartedMain ] - [ INFO  ] [ org.apache.catalina.core.StandardService : 173 ] - Starting service [Tomcat]
2020-08-04 08:40:02.274 [ restartedMain ] - [ INFO  ] [ org.apache.catalina.core.StandardEngine : 173 ] - Starting Servlet engine: [Apache Tomcat/9.0.36]
2020-08-04 08:40:02.371 [ restartedMain ] - [ INFO  ] [ o.a.c.core.ContainerBase.[Tomcat].[localhost].[/] : 173 ] - Initializing Spring embedded WebApplicationContext
2020-08-04 08:40:03.619 [ restartedMain ] - [ INFO  ] [ org.apache.coyote.http11.Http11NioProtocol : 173 ] - Starting ProtocolHandler ["http-nio-8081"]
2020-08-04 08:40:03.657 [ restartedMain ] - [ INFO  ] [ com.whyzaa.vspringblog.vSpringBlogApplication : 61 ] - Started vSpringBlogApplication in 4.502 seconds (JVM running for 5.23)
2020-08-04 08:40:09.879 [ http-nio-8081-exec-3 ] - [ INFO  ] [ o.a.c.core.ContainerBase.[Tomcat].[localhost].[/] : 173 ] - Initializing Spring DispatcherServlet 'dispatcherServlet'
2020-08-04 08:43:51.362 [ Thread-216 ] - [ INFO  ] [ com.alibaba.druid.pool.DruidDataSource : 1825 ] - {dataSource-1} closed
2020-08-04 17:45:25.537 [ restartedMain ] - [ INFO  ] [ com.whyzaa.vspringblog.vSpringBlogApplication : 55 ] - Starting vSpringBlogApplication on LAPTOP-CKUB6RF7 with PID 131908 (C:\Users\luis_liu\IdeaProjects\VSpringBlog\target\classes started by luis_liu in C:\Users\luis_liu\Desktop\blog\blog\VSpringBlog)
2020-08-04 17:45:25.540 [ restartedMain ] - [ INFO  ] [ com.whyzaa.vspringblog.vSpringBlogApplication : 651 ] - No active profile set, falling back to default profiles: default
2020-08-04 17:45:26.255 [ restartedMain ] - [ WARN  ] [ org.mybatis.spring.mapper.ClassPathMapperScanner : 44 ] - Skipping MapperFactoryBean with name 'articleMapper' and 'com.whyzaa.vspringblog.mapper.ArticleMapper' mapperInterface. Bean already defined with the same name!
2020-08-04 17:45:26.256 [ restartedMain ] - [ WARN  ] [ org.mybatis.spring.mapper.ClassPathMapperScanner : 44 ] - Skipping MapperFactoryBean with name 'articleTagsMapper' and 'com.whyzaa.vspringblog.mapper.ArticleTagsMapper' mapperInterface. Bean already defined with the same name!
2020-08-04 17:45:26.256 [ restartedMain ] - [ WARN  ] [ org.mybatis.spring.mapper.ClassPathMapperScanner : 44 ] - Skipping MapperFactoryBean with name 'articleVoMapper' and 'com.whyzaa.vspringblog.mapper.ArticleVoMapper' mapperInterface. Bean already defined with the same name!
2020-08-04 17:45:26.256 [ restartedMain ] - [ WARN  ] [ org.mybatis.spring.mapper.ClassPathMapperScanner : 44 ] - Skipping MapperFactoryBean with name 'carouselMapper' and 'com.whyzaa.vspringblog.mapper.CarouselMapper' mapperInterface. Bean already defined with the same name!
2020-08-04 17:45:26.256 [ restartedMain ] - [ WARN  ] [ org.mybatis.spring.mapper.ClassPathMapperScanner : 44 ] - Skipping MapperFactoryBean with name 'categoryMapper' and 'com.whyzaa.vspringblog.mapper.CategoryMapper' mapperInterface. Bean already defined with the same name!
2020-08-04 17:45:26.256 [ restartedMain ] - [ WARN  ] [ org.mybatis.spring.mapper.ClassPathMapperScanner : 44 ] - Skipping MapperFactoryBean with name 'commentsMapper' and 'com.whyzaa.vspringblog.mapper.CommentsMapper' mapperInterface. Bean already defined with the same name!
2020-08-04 17:45:26.257 [ restartedMain ] - [ WARN  ] [ org.mybatis.spring.mapper.ClassPathMapperScanner : 44 ] - Skipping MapperFactoryBean with name 'sysPermissionMapper' and 'com.whyzaa.vspringblog.mapper.SysPermissionMapper' mapperInterface. Bean already defined with the same name!
2020-08-04 17:45:26.257 [ restartedMain ] - [ WARN  ] [ org.mybatis.spring.mapper.ClassPathMapperScanner : 44 ] - Skipping MapperFactoryBean with name 'sysUserMapper' and 'com.whyzaa.vspringblog.mapper.SysUserMapper' mapperInterface. Bean already defined with the same name!
2020-08-04 17:45:26.257 [ restartedMain ] - [ WARN  ] [ org.mybatis.spring.mapper.ClassPathMapperScanner : 44 ] - Skipping MapperFactoryBean with name 'sysUserRoleMapper' and 'com.whyzaa.vspringblog.mapper.SysUserRoleMapper' mapperInterface. Bean already defined with the same name!
2020-08-04 17:45:26.257 [ restartedMain ] - [ WARN  ] [ org.mybatis.spring.mapper.ClassPathMapperScanner : 44 ] - Skipping MapperFactoryBean with name 'tagsMapper' and 'com.whyzaa.vspringblog.mapper.TagsMapper' mapperInterface. Bean already defined with the same name!
2020-08-04 17:45:26.257 [ restartedMain ] - [ WARN  ] [ org.mybatis.spring.mapper.ClassPathMapperScanner : 44 ] - No MyBatis mapper was found in '[com.whyzaa.vspringblog.mapper]' package. Please check your configuration.
2020-08-04 17:45:26.987 [ restartedMain ] - [ INFO  ] [ c.a.d.s.b.a.DruidDataSourceAutoConfigure : 56 ] - Init DruidDataSource
2020-08-04 17:45:27.308 [ restartedMain ] - [ INFO  ] [ com.alibaba.druid.pool.DruidDataSource : 930 ] - {dataSource-1} inited
2020-08-04 17:45:28.813 [ restartedMain ] - [ INFO  ] [ org.apache.coyote.http11.Http11NioProtocol : 173 ] - Initializing ProtocolHandler ["http-nio-8081"]
2020-08-04 17:45:28.814 [ restartedMain ] - [ INFO  ] [ org.apache.catalina.core.StandardService : 173 ] - Starting service [Tomcat]
2020-08-04 17:45:28.814 [ restartedMain ] - [ INFO  ] [ org.apache.catalina.core.StandardEngine : 173 ] - Starting Servlet engine: [Apache Tomcat/9.0.36]
2020-08-04 17:45:28.889 [ restartedMain ] - [ INFO  ] [ o.a.c.core.ContainerBase.[Tomcat].[localhost].[/] : 173 ] - Initializing Spring embedded WebApplicationContext
2020-08-04 17:45:30.381 [ restartedMain ] - [ INFO  ] [ org.apache.coyote.http11.Http11NioProtocol : 173 ] - Starting ProtocolHandler ["http-nio-8081"]
2020-08-04 17:45:30.429 [ restartedMain ] - [ INFO  ] [ com.whyzaa.vspringblog.vSpringBlogApplication : 61 ] - Started vSpringBlogApplication in 5.382 seconds (JVM running for 6.388)
2020-08-04 17:46:10.438 [ SpringContextShutdownHook ] - [ INFO  ] [ com.alibaba.druid.pool.DruidDataSource : 1825 ] - {dataSource-1} closed
